# JRE version: 7.0_21-b11
# Java VM: Java HotSpot(TM) Client VM (23.21-b01 mixed mode, sharing windows-x86 )
Heap
 def new generation   total 8640K, used 4428K [0x22ba0000, 0x23500000, 0x280f0000)
  eden space 7680K,  57% used [0x22ba0000, 0x22feb4d0, 0x23320000)
  from space 960K,   3% used [0x23320000, 0x23327d10, 0x23410000)
  to   space 960K,   0% used [0x23410000, 0x23410000, 0x23500000)
 tenured generation   total 34568K, used 28217K [0x280f0000, 0x2a2b2000, 0x32ba0000)
   the space 34568K,  81% used [0x280f0000, 0x29c7e728, 0x29c7e800, 0x2a2b2000)
 compacting perm gen  total 12288K, used 1772K [0x32ba0000, 0x337a0000, 0x36ba0000)
   the space 12288K,  14% used [0x32ba0000, 0x32d5b150, 0x32d5b200, 0x337a0000)
    ro space 10240K,  42% used [0x36ba0000, 0x36fe22a0, 0x36fe2400, 0x375a0000)
    rw space 12288K,  54% used [0x375a0000, 0x37c23250, 0x37c23400, 0x381a0000)
GC Heap History (10 events):
Event: 77691.300 GC heap before
{Heap before GC invocations=989 (full 2):
 def new generation   total 8640K, used 7713K [0x22ba0000, 0x23500000, 0x280f0000)
  eden space 7680K, 100% used [0x22ba0000, 0x23320000, 0x23320000)
  from space 960K,   3% used [0x23410000, 0x23418440, 0x23500000)
  to   space 960K,   0% used [0x23320000, 0x23320000, 0x23410000)
 tenured generation   total 34568K, used 28209K [0x280f0000, 0x2a2b2000, 0x32ba0000)
   the space 34568K,  81% used [0x280f0000, 0x29c7c4b0, 0x29c7c600, 0x2a2b2000)
 compacting perm gen  total 12288K, used 1772K [0x32ba0000, 0x337a0000, 0x36ba0000)
   the space 12288K,  14% used [0x32ba0000, 0x32d5b130, 0x32d5b200, 0x337a0000)
    ro space 10240K,  42% used [0x36ba0000, 0x36fe22a0, 0x36fe2400, 0x375a0000)
    rw space 12288K,  54% used [0x375a0000, 0x37c23250, 0x37c23400, 0x381a0000)
Event: 77691.302 GC heap after
Heap after GC invocations=990 (full 2):
 def new generation   total 8640K, used 27K [0x22ba0000, 0x23500000, 0x280f0000)
  eden space 7680K,   0% used [0x22ba0000, 0x22ba0000, 0x23320000)
  from space 960K,   2% used [0x23320000, 0x23326cf8, 0x23410000)
  to   space 960K,   0% used [0x23410000, 0x23410000, 0x23500000)
 tenured generation   total 34568K, used 28210K [0x280f0000, 0x2a2b2000, 0x32ba0000)
   the space 34568K,  81% used [0x280f0000, 0x29c7cb40, 0x29c7cc00, 0x2a2b2000)
 compacting perm gen  total 12288K, used 1772K [0x32ba0000, 0x337a0000, 0x36ba0000)
   the space 12288K,  14% used [0x32ba0000, 0x32d5b130, 0x32d5b200, 0x337a0000)
    ro space 10240K,  42% used [0x36ba0000, 0x36fe22a0, 0x36fe2400, 0x375a0000)
    rw space 12288K,  54% used [0x375a0000, 0x37c23250, 0x37c23400, 0x381a0000)
}
Event: 77713.158 GC heap before
{Heap before GC invocations=990 (full 2):
 def new generation   total 8640K, used 7707K [0x22ba0000, 0x23500000, 0x280f0000)
  eden space 7680K, 100% used [0x22ba0000, 0x23320000, 0x23320000)
  from space 960K,   2% used [0x23320000, 0x23326cf8, 0x23410000)
  to   space 960K,   0% used [0x23410000, 0x23410000, 0x23500000)
 tenured generation   total 34568K, used 28210K [0x280f0000, 0x2a2b2000, 0x32ba0000)
   the space 34568K,  81% used [0x280f0000, 0x29c7cb40, 0x29c7cc00, 0x2a2b2000)
 compacting perm gen  total 12288K, used 1772K [0x32ba0000, 0x337a0000, 0x36ba0000)
   the space 12288K,  14% used [0x32ba0000, 0x32d5b130, 0x32d5b200, 0x337a0000)
    ro space 10240K,  42% used [0x36ba0000, 0x36fe22a0, 0x36fe2400, 0x375a0000)
    rw space 12288K,  54% used [0x375a0000, 0x37c23250, 0x37c23400, 0x381a0000)
Event: 77713.164 GC heap after
Heap after GC invocations=991 (full 2):
 def new generation   total 8640K, used 29K [0x22ba0000, 0x23500000, 0x280f0000)
  eden space 7680K,   0% used [0x22ba0000, 0x22ba0000, 0x23320000)
  from space 960K,   3% used [0x23410000, 0x23417550, 0x23500000)
  to   space 960K,   0% used [0x23320000, 0x23320000, 0x23410000)
 tenured generation   total 34568K, used 28212K [0x280f0000, 0x2a2b2000, 0x32ba0000)
   the space 34568K,  81% used [0x280f0000, 0x29c7d338, 0x29c7d400, 0x2a2b2000)
 compacting perm gen  total 12288K, used 1772K [0x32ba0000, 0x337a0000, 0x36ba0000)
   the space 12288K,  14% used [0x32ba0000, 0x32d5b130, 0x32d5b200, 0x337a0000)
    ro space 10240K,  42% used [0x36ba0000, 0x36fe22a0, 0x36fe2400, 0x375a0000)
    rw space 12288K,  54% used [0x375a0000, 0x37c23250, 0x37c23400, 0x381a0000)
}
Event: 77734.994 GC heap before
{Heap before GC invocations=991 (full 2):
 def new generation   total 8640K, used 7709K [0x22ba0000, 0x23500000, 0x280f0000)
  eden space 7680K, 100% used [0x22ba0000, 0x23320000, 0x23320000)
  from space 960K,   3% used [0x23410000, 0x23417550, 0x23500000)
  to   space 960K,   0% used [0x23320000, 0x23320000, 0x23410000)
 tenured generation   total 34568K, used 28212K [0x280f0000, 0x2a2b2000, 0x32ba0000)
   the space 34568K,  81% used [0x280f0000, 0x29c7d338, 0x29c7d400, 0x2a2b2000)
 compacting perm gen  total 12288K, used 1772K [0x32ba0000, 0x337a0000, 0x36ba0000)
   the space 12288K,  14% used [0x32ba0000, 0x32d5b130, 0x32d5b200, 0x337a0000)
    ro space 10240K,  42% used [0x36ba0000, 0x36fe22a0, 0x36fe2400, 0x375a0000)
    rw space 12288K,  54% used [0x375a0000, 0x37c23250, 0x37c23400, 0x381a0000)
Event: 77735.000 GC heap after
Heap after GC invocations=992 (full 2):
 def new generation   total 8640K, used 25K [0x22ba0000, 0x23500000, 0x280f0000)
  eden space 7680K,   0% used [0x22ba0000, 0x22ba0000, 0x23320000)
  from space 960K,   2% used [0x23320000, 0x233266d8, 0x23410000)
  to   space 960K,   0% used [0x23410000, 0x23410000, 0x23500000)
 tenured generation   total 34568K, used 28214K [0x280f0000, 0x2a2b2000, 0x32ba0000)
   the space 34568K,  81% used [0x280f0000, 0x29c7d920, 0x29c7da00, 0x2a2b2000)
 compacting perm gen  total 12288K, used 1772K [0x32ba0000, 0x337a0000, 0x36ba0000)
   the space 12288K,  14% used [0x32ba0000, 0x32d5b130, 0x32d5b200, 0x337a0000)
    ro space 10240K,  42% used [0x36ba0000, 0x36fe22a0, 0x36fe2400, 0x375a0000)
    rw space 12288K,  54% used [0x375a0000, 0x37c23250, 0x37c23400, 0x381a0000)
}
Event: 77760.566 GC heap before
{Heap before GC invocations=992 (full 2):
 def new generation   total 8640K, used 7705K [0x22ba0000, 0x23500000, 0x280f0000)
  eden space 7680K, 100% used [0x22ba0000, 0x23320000, 0x23320000)
  from space 960K,   2% used [0x23320000, 0x233266d8, 0x23410000)
  to   space 960K,   0% used [0x23410000, 0x23410000, 0x23500000)
 tenured generation   total 34568K, used 28214K [0x280f0000, 0x2a2b2000, 0x32ba0000)
   the space 34568K,  81% used [0x280f0000, 0x29c7d920, 0x29c7da00, 0x2a2b2000)
 compacting perm gen  total 12288K, used 1772K [0x32ba0000, 0x337a0000, 0x36ba0000)
   the space 12288K,  14% used [0x32ba0000, 0x32d5b130, 0x32d5b200, 0x337a0000)
    ro space 10240K,  42% used [0x36ba0000, 0x36fe22a0, 0x36fe2400, 0x375a0000)
    rw space 12288K,  54% used [0x375a0000, 0x37c23250, 0x37c23400, 0x381a0000)
Event: 77760.569 GC heap after
Heap after GC invocations=993 (full 2):
 def new generation   total 8640K, used 30K [0x22ba0000, 0x23500000, 0x280f0000)
  eden space 7680K,   0% used [0x22ba0000, 0x22ba0000, 0x23320000)
  from space 960K,   3% used [0x23410000, 0x234178f0, 0x23500000)
  to   space 960K,   0% used [0x23320000, 0x23320000, 0x23410000)
 tenured generation   total 34568K, used 28216K [0x280f0000, 0x2a2b2000, 0x32ba0000)
   the space 34568K,  81% used [0x280f0000, 0x29c7e058, 0x29c7e200, 0x2a2b2000)
 compacting perm gen  total 12288K, used 1772K [0x32ba0000, 0x337a0000, 0x36ba0000)
   the space 12288K,  14% used [0x32ba0000, 0x32d5b130, 0x32d5b200, 0x337a0000)
    ro space 10240K,  42% used [0x36ba0000, 0x36fe22a0, 0x36fe2400, 0x375a0000)
    rw space 12288K,  54% used [0x375a0000, 0x37c23250, 0x37c23400, 0x381a0000)
}
Event: 77782.531 GC heap before
{Heap before GC invocations=993 (full 2):
 def new generation   total 8640K, used 7710K [0x22ba0000, 0x23500000, 0x280f0000)
  eden space 7680K, 100% used [0x22ba0000, 0x23320000, 0x23320000)
  from space 960K,   3% used [0x23410000, 0x234178f0, 0x23500000)
  to   space 960K,   0% used [0x23320000, 0x23320000, 0x23410000)
 tenured generation   total 34568K, used 28216K [0x280f0000, 0x2a2b2000, 0x32ba0000)
   the space 34568K,  81% used [0x280f0000, 0x29c7e058, 0x29c7e200, 0x2a2b2000)
 compacting perm gen  total 12288K, used 1772K [0x32ba0000, 0x337a0000, 0x36ba0000)
   the space 12288K,  14% used [0x32ba0000, 0x32d5b130, 0x32d5b200, 0x337a0000)
    ro space 10240K,  42% used [0x36ba0000, 0x36fe22a0, 0x36fe2400, 0x375a0000)
    rw space 12288K,  54% used [0x375a0000, 0x37c23250, 0x37c23400, 0x381a0000)
Event: 77782.537 GC heap after
Heap after GC invocations=994 (full 2):
 def new generation   total 8640K, used 31K [0x22ba0000, 0x23500000, 0x280f0000)
  eden space 7680K,   0% used [0x22ba0000, 0x22ba0000, 0x23320000)
  from space 960K,   3% used [0x23320000, 0x23327d10, 0x23410000)
  to   space 960K,   0% used [0x23410000, 0x23410000, 0x23500000)
 tenured generation   total 34568K, used 28217K [0x280f0000, 0x2a2b2000, 0x32ba0000)
   the space 34568K,  81% used [0x280f0000, 0x29c7e728, 0x29c7e800, 0x2a2b2000)
 compacting perm gen  total 12288K, used 1772K [0x32ba0000, 0x337a0000, 0x36ba0000)
   the space 12288K,  14% used [0x32ba0000, 0x32d5b130, 0x32d5b200, 0x337a0000)
    ro space 10240K,  42% used [0x36ba0000, 0x36fe22a0, 0x36fe2400, 0x375a0000)
    rw space 12288K,  54% used [0x375a0000, 0x37c23250, 0x37c23400, 0x381a0000)
}

